# JRE version: Java(TM) SE Runtime Environment (8.0_05-b13) (build 1.8.0_05-b13)
# Java VM: Java HotSpot(TM) 64-Bit Server VM (25.5-b02 mixed mode bsd-amd64 compressed oops)
Heap:
 PSYoungGen      total 5632K, used 3528K [0x000000076ab00000, 0x000000076b700000, 0x00000007c0000000)
  eden space 4096K, 48% used [0x000000076ab00000,0x000000076acf5160,0x000000076af00000)
  from space 1536K, 99% used [0x000000076af00000,0x000000076b07d148,0x000000076b080000)
  to   space 2048K, 0% used [0x000000076b500000,0x000000076b500000,0x000000076b700000)
 ParOldGen       total 260608K, used 1658K [0x00000006c0000000, 0x00000006cfe80000, 0x000000076ab00000)
  object space 260608K, 0% used [0x00000006c0000000,0x00000006c019ebe0,0x00000006cfe80000)
 Metaspace       used 8614K, capacity 8812K, committed 9088K, reserved 1056768K
  class space    used 1035K, capacity 1084K, committed 1152K, reserved 1048576K
GC Heap History (10 events):
Event: 0.138 GC heap before
{Heap before GC invocations=3 (full 0):
 PSYoungGen      total 1536K, used 1504K [0x000000076ab00000, 0x000000076ad00000, 0x00000007c0000000)
  eden space 1024K, 100% used [0x000000076ab00000,0x000000076ac00000,0x000000076ac00000)
  from space 512K, 93% used [0x000000076ac80000,0x000000076acf8020,0x000000076ad00000)
  to   space 512K, 0% used [0x000000076ac00000,0x000000076ac00000,0x000000076ac80000)
 ParOldGen       total 260608K, used 97K [0x00000006c0000000, 0x00000006cfe80000, 0x000000076ab00000)
  object space 260608K, 0% used [0x00000006c0000000,0x00000006c0018720,0x00000006cfe80000)
 Metaspace       used 3736K, capacity 4818K, committed 5120K, reserved 1056768K
  class space    used 410K, capacity 437K, committed 512K, reserved 1048576K
Event: 0.139 GC heap after
Heap after GC invocations=3 (full 0):
 PSYoungGen      total 1536K, used 512K [0x000000076ab00000, 0x000000076ae00000, 0x00000007c0000000)
  eden space 1024K, 0% used [0x000000076ab00000,0x000000076ab00000,0x000000076ac00000)
  from space 512K, 100% used [0x000000076ac00000,0x000000076ac80000,0x000000076ac80000)
  to   space 512K, 0% used [0x000000076ad80000,0x000000076ad80000,0x000000076ae00000)
 ParOldGen       total 260608K, used 378K [0x00000006c0000000, 0x00000006cfe80000, 0x000000076ab00000)
  object space 260608K, 0% used [0x00000006c0000000,0x00000006c005ea30,0x00000006cfe80000)
 Metaspace       used 3736K, capacity 4818K, committed 5120K, reserved 1056768K
  class space    used 410K, capacity 437K, committed 512K, reserved 1048576K
}
Event: 0.170 GC heap before
{Heap before GC invocations=4 (full 0):
 PSYoungGen      total 1536K, used 1536K [0x000000076ab00000, 0x000000076ae00000, 0x00000007c0000000)
  eden space 1024K, 100% used [0x000000076ab00000,0x000000076ac00000,0x000000076ac00000)
  from space 512K, 100% used [0x000000076ac00000,0x000000076ac80000,0x000000076ac80000)
  to   space 512K, 0% used [0x000000076ad80000,0x000000076ad80000,0x000000076ae00000)
 ParOldGen       total 260608K, used 378K [0x00000006c0000000, 0x00000006cfe80000, 0x000000076ab00000)
  object space 260608K, 0% used [0x00000006c0000000,0x00000006c005ea30,0x00000006cfe80000)
 Metaspace       used 4249K, capacity 5062K, committed 5248K, reserved 1056768K
  class space    used 493K, capacity 529K, committed 640K, reserved 1048576K
Event: 0.171 GC heap after
Heap after GC invocations=4 (full 0):
 PSYoungGen      total 2560K, used 496K [0x000000076ab00000, 0x000000076ae00000, 0x00000007c0000000)
  eden space 2048K, 0% used [0x000000076ab00000,0x000000076ab00000,0x000000076ad00000)
  from space 512K, 96% used [0x000000076ad80000,0x000000076adfc010,0x000000076ae00000)
  to   space 512K, 0% used [0x000000076ad00000,0x000000076ad00000,0x000000076ad80000)
 ParOldGen       total 260608K, used 588K [0x00000006c0000000, 0x00000006cfe80000, 0x000000076ab00000)
  object space 260608K, 0% used [0x00000006c0000000,0x00000006c0093218,0x00000006cfe80000)
 Metaspace       used 4249K, capacity 5062K, committed 5248K, reserved 1056768K
  class space    used 493K, capacity 529K, committed 640K, reserved 1048576K
}
Event: 0.243 GC heap before
{Heap before GC invocations=5 (full 0):
 PSYoungGen      total 2560K, used 2544K [0x000000076ab00000, 0x000000076ae00000, 0x00000007c0000000)
  eden space 2048K, 100% used [0x000000076ab00000,0x000000076ad00000,0x000000076ad00000)
  from space 512K, 96% used [0x000000076ad80000,0x000000076adfc010,0x000000076ae00000)
  to   space 512K, 0% used [0x000000076ad00000,0x000000076ad00000,0x000000076ad80000)
 ParOldGen       total 260608K, used 588K [0x00000006c0000000, 0x00000006cfe80000, 0x000000076ab00000)
  object space 260608K, 0% used [0x00000006c0000000,0x00000006c0093218,0x00000006cfe80000)
 Metaspace       used 5296K, capacity 5612K, committed 5888K, reserved 1056768K
  class space    used 612K, capacity 664K, committed 768K, reserved 1048576K
Event: 0.247 GC heap after
Heap after GC invocations=5 (full 0):
 PSYoungGen      total 2560K, used 480K [0x000000076ab00000, 0x000000076b200000, 0x00000007c0000000)
  eden space 2048K, 0% used [0x000000076ab00000,0x000000076ab00000,0x000000076ad00000)
  from space 512K, 93% used [0x000000076ad00000,0x000000076ad78020,0x000000076ad80000)
  to   space 1536K, 0% used [0x000000076b080000,0x000000076b080000,0x000000076b200000)
 ParOldGen       total 260608K, used 1150K [0x00000006c0000000, 0x00000006cfe80000, 0x000000076ab00000)
  object space 260608K, 0% used [0x00000006c0000000,0x00000006c011f9f0,0x00000006cfe80000)
 Metaspace       used 5296K, capacity 5612K, committed 5888K, reserved 1056768K
  class space    used 612K, capacity 664K, committed 768K, reserved 1048576K
}
Event: 0.305 GC heap before
{Heap before GC invocations=6 (full 0):
 PSYoungGen      total 2560K, used 2522K [0x000000076ab00000, 0x000000076b200000, 0x00000007c0000000)
  eden space 2048K, 99% used [0x000000076ab00000,0x000000076acfe9e0,0x000000076ad00000)
  from space 512K, 93% used [0x000000076ad00000,0x000000076ad78020,0x000000076ad80000)
  to   space 1536K, 0% used [0x000000076b080000,0x000000076b080000,0x000000076b200000)
 ParOldGen       total 260608K, used 1150K [0x00000006c0000000, 0x00000006cfe80000, 0x000000076ab00000)
  object space 260608K, 0% used [0x00000006c0000000,0x00000006c011f9f0,0x00000006cfe80000)
 Metaspace       used 6039K, capacity 6220K, committed 6400K, reserved 1056768K
  class space    used 705K, capacity 760K, committed 768K, reserved 1048576K
Event: 0.306 GC heap after
Heap after GC invocations=6 (full 0):
 PSYoungGen      total 5632K, used 1210K [0x000000076ab00000, 0x000000076b200000, 0x00000007c0000000)
  eden space 4096K, 0% used [0x000000076ab00000,0x000000076ab00000,0x000000076af00000)
  from space 1536K, 78% used [0x000000076b080000,0x000000076b1ae990,0x000000076b200000)
  to   space 1536K, 0% used [0x000000076af00000,0x000000076af00000,0x000000076b080000)
 ParOldGen       total 260608K, used 1158K [0x00000006c0000000, 0x00000006cfe80000, 0x000000076ab00000)
  object space 260608K, 0% used [0x00000006c0000000,0x00000006c01219f0,0x00000006cfe80000)
 Metaspace       used 6039K, capacity 6220K, committed 6400K, reserved 1056768K
  class space    used 705K, capacity 760K, committed 768K, reserved 1048576K
}
Event: 5.456 GC heap before
{Heap before GC invocations=7 (full 0):
 PSYoungGen      total 5632K, used 5306K [0x000000076ab00000, 0x000000076b200000, 0x00000007c0000000)
  eden space 4096K, 100% used [0x000000076ab00000,0x000000076af00000,0x000000076af00000)
  from space 1536K, 78% used [0x000000076b080000,0x000000076b1ae990,0x000000076b200000)
  to   space 1536K, 0% used [0x000000076af00000,0x000000076af00000,0x000000076b080000)
 ParOldGen       total 260608K, used 1158K [0x00000006c0000000, 0x00000006cfe80000, 0x000000076ab00000)
  object space 260608K, 0% used [0x00000006c0000000,0x00000006c01219f0,0x00000006cfe80000)
 Metaspace       used 8034K, capacity 8188K, committed 8448K, reserved 1056768K
  class space    used 957K, capacity 984K, committed 1024K, reserved 1048576K
Event: 5.461 GC heap after
Heap after GC invocations=7 (full 0):
 PSYoungGen      total 5632K, used 1524K [0x000000076ab00000, 0x000000076b700000, 0x00000007c0000000)
  eden space 4096K, 0% used [0x000000076ab00000,0x000000076ab00000,0x000000076af00000)
  from space 1536K, 99% used [0x000000076af00000,0x000000076b07d148,0x000000076b080000)
  to   space 2048K, 0% used [0x000000076b500000,0x000000076b500000,0x000000076b700000)
 ParOldGen       total 260608K, used 1658K [0x00000006c0000000, 0x00000006cfe80000, 0x000000076ab00000)
  object space 260608K, 0% used [0x00000006c0000000,0x00000006c019ebe0,0x00000006cfe80000)
 Metaspace       used 8034K, capacity 8188K, committed 8448K, reserved 1056768K
  class space    used 957K, capacity 984K, committed 1024K, reserved 1048576K
}

